<!DOCTYPE html>

<html>
  <head>
  <meta charset='utf-8'>
  <title>TestNG reports</title>

    <link type="text/css" href="testng-reports1.css" rel="stylesheet" id="ultra" />
    <link type="text/css" href="testng-reports.css" rel="stylesheet" id="retro" disabled="false"/>
    <script type="text/javascript" src="jquery.min.js"></script>
    <script type="text/javascript" src="testng-reports.js"></script>
    <script type="text/javascript" src="https://www.google.com/jsapi"></script>
    <script type='text/javascript'>
      google.load('visualization', '1', {packages:['table']});
      google.setOnLoadCallback(drawTable);
      var suiteTableInitFunctions = new Array();
      var suiteTableData = new Array();
    </script>
    <!--
      <script type="text/javascript" src="jquery-ui/js/jquery-ui-1.8.16.custom.min.js"></script>
     -->
  </head>

  <body>
    <div class="top-banner-root">
      <span class="top-banner-title-font">Test results</span>
      <button id="button" class="button">Switch Retro Theme</button> <!-- button -->
      <br/>
      <span class="top-banner-font-1">1 suite, 3 failed tests</span>
    </div> <!-- top-banner-root -->
    <div class="navigator-root">
      <div class="navigator-suite-header">
        <span>All suites</span>
        <a href="#" title="Collapse/expand all the suites" class="collapse-all-link">
          <img src="collapseall.gif" class="collapse-all-icon">
          </img> <!-- collapse-all-icon -->
        </a> <!-- collapse-all-link -->
      </div> <!-- navigator-suite-header -->
      <div class="suite">
        <div class="rounded-window">
          <div class="suite-header light-rounded-window-top">
            <a href="#" panel-name="suite-Surefire_suite" class="navigator-link">
              <span class="suite-name border-failed">Surefire suite</span>
            </a> <!-- navigator-link -->
          </div> <!-- suite-header light-rounded-window-top -->
          <div class="navigator-suite-content">
            <div class="suite-section-title">
              <span>Info</span>
            </div> <!-- suite-section-title -->
            <div class="suite-section-content">
              <ul>
                <li>
                  <a href="#" panel-name="test-xml-Surefire_suite" class="navigator-link ">
                    <span>[unset file name]</span>
                  </a> <!-- navigator-link  -->
                </li>
                <li>
                  <a href="#" panel-name="testlist-Surefire_suite" class="navigator-link ">
                    <span class="test-stats">1 test</span>
                  </a> <!-- navigator-link  -->
                </li>
                <li>
                  <a href="#" panel-name="group-Surefire_suite" class="navigator-link ">
                    <span>0 groups</span>
                  </a> <!-- navigator-link  -->
                </li>
                <li>
                  <a href="#" panel-name="times-Surefire_suite" class="navigator-link ">
                    <span>Times</span>
                  </a> <!-- navigator-link  -->
                </li>
                <li>
                  <a href="#" panel-name="reporter-Surefire_suite" class="navigator-link ">
                    <span>Reporter output</span>
                  </a> <!-- navigator-link  -->
                </li>
                <li>
                  <a href="#" panel-name="ignored-methods-Surefire_suite" class="navigator-link ">
                    <span>Ignored methods</span>
                  </a> <!-- navigator-link  -->
                </li>
                <li>
                  <a href="#" panel-name="chronological-Surefire_suite" class="navigator-link ">
                    <span>Chronological view</span>
                  </a> <!-- navigator-link  -->
                </li>
              </ul>
            </div> <!-- suite-section-content -->
            <div class="result-section">
              <div class="suite-section-title">
                <span>Results</span>
              </div> <!-- suite-section-title -->
              <div class="suite-section-content">
                <ul>
                  <li>
                    <span class="method-stats">4 methods, 3 failed,   1 passed</span>
                  </li>
                  <li>
                    <span class="method-list-title failed">Failed methods</span>
                    <span class="show-or-hide-methods failed">
                      <a href="#" panel-name="suite-Surefire_suite" class="hide-methods failed suite-Surefire_suite"> (hide)</a> <!-- hide-methods failed suite-Surefire_suite -->
                      <a href="#" panel-name="suite-Surefire_suite" class="show-methods failed suite-Surefire_suite"> (show)</a> <!-- show-methods failed suite-Surefire_suite -->
                    </span>
                    <div class="method-list-content failed suite-Surefire_suite">
                      <span>
                        <img src="failed.png" width="3%"/>
                        <a href="#" panel-name="suite-Surefire_suite" title="tests.GeneralSettingTest" class="method navigator-link" hash-for-method="GetToAddKpiPage">GetToAddKpiPage</a> <!-- method navigator-link -->
                      </span>
                      <br/>
                      <span>
                        <img src="failed.png" width="3%"/>
                        <a href="#" panel-name="suite-Surefire_suite" title="tests.AddKPiSettingTest" class="method navigator-link" hash-for-method="TestAdd_Kpis">TestAdd_Kpis</a> <!-- method navigator-link -->
                      </span>
                      <br/>
                      <span>
                        <img src="failed.png" width="3%"/>
                        <a href="#" panel-name="suite-Surefire_suite" title="tests.UpdateKpiTest" class="method navigator-link" hash-for-method="UserCanUpdateKpi">UserCanUpdateKpi</a> <!-- method navigator-link -->
                      </span>
                      <br/>
                    </div> <!-- method-list-content failed suite-Surefire_suite -->
                  </li>
                  <li>
                    <span class="method-list-title passed">Passed methods</span>
                    <span class="show-or-hide-methods passed">
                      <a href="#" panel-name="suite-Surefire_suite" class="hide-methods passed suite-Surefire_suite"> (hide)</a> <!-- hide-methods passed suite-Surefire_suite -->
                      <a href="#" panel-name="suite-Surefire_suite" class="show-methods passed suite-Surefire_suite"> (show)</a> <!-- show-methods passed suite-Surefire_suite -->
                    </span>
                    <div class="method-list-content passed suite-Surefire_suite">
                      <span>
                        <img src="passed.png" width="3%"/>
                        <a href="#" panel-name="suite-Surefire_suite" title="tests.LoginTest" class="method navigator-link" hash-for-method="testsuccessfulllogin">testsuccessfulllogin</a> <!-- method navigator-link -->
                      </span>
                      <br/>
                    </div> <!-- method-list-content passed suite-Surefire_suite -->
                  </li>
                </ul>
              </div> <!-- suite-section-content -->
            </div> <!-- result-section -->
          </div> <!-- navigator-suite-content -->
        </div> <!-- rounded-window -->
      </div> <!-- suite -->
    </div> <!-- navigator-root -->
    <div class="wrapper">
      <div class="main-panel-root">
        <div panel-name="suite-Surefire_suite" class="panel Surefire_suite">
          <div class="suite-Surefire_suite-class-failed">
            <div class="main-panel-header rounded-window-top">
              <img src="failed.png"/>
              <span class="class-name">tests.GeneralSettingTest</span>
            </div> <!-- main-panel-header rounded-window-top -->
            <div class="main-panel-content rounded-window-bottom">
              <div class="method">
                <div class="method-content">
                  <a name="GetToAddKpiPage">
                  </a> <!-- GetToAddKpiPage -->
                  <span class="method-name">GetToAddKpiPage</span>
                  <div class="stack-trace">org.openqa.selenium.NoSuchElementException: no such element: Unable to locate element: {&quot;method&quot;:&quot;xpath&quot;,&quot;selector&quot;:&quot;//a[@class=&apos;nav-link ng-star-inserted active&apos;]&quot;}
  (Session info: chrome=101.0.4951.54)
For documentation on this error, please visit: https://selenium.dev/exceptions/#no_such_element
Build info: version: &apos;4.1.3&apos;, revision: &apos;7b1ebf28ef&apos;
System info: host: &apos;DESKTOP-MQO629T&apos;, ip: &apos;192.168.1.7&apos;, os.name: &apos;Windows 10&apos;, os.arch: &apos;amd64&apos;, os.version: &apos;10.0&apos;, java.version: &apos;11.0.15&apos;
Driver info: org.openqa.selenium.chrome.ChromeDriver
Command: [a3020f25843a7cf44b6670edb166dec5, findElement {using=xpath, value=//a[@class=&apos;nav-link ng-star-inserted active&apos;]}]
Capabilities {acceptInsecureCerts: false, browserName: chrome, browserVersion: 101.0.4951.54, chrome: {chromedriverVersion: 101.0.4951.41 (93c720db8323..., userDataDir: C:\Users\Hello\AppData\Loca...}, goog:chromeOptions: {debuggerAddress: localhost:59062}, javascriptEnabled: true, networkConnectionEnabled: false, pageLoadStrategy: normal, platform: WINDOWS, platformName: WINDOWS, proxy: Proxy(), se:cdp: ws://localhost:59062/devtoo..., se:cdpVersion: 101.0.4951.54, setWindowRect: true, strictFileInteractability: false, timeouts: {implicit: 0, pageLoad: 300000, script: 30000}, unhandledPromptBehavior: dismiss and notify, webauthn:extension:credBlob: true, webauthn:extension:largeBlob: true, webauthn:virtualAuthenticators: true}
Session ID: a3020f25843a7cf44b6670edb166dec5
	at org.openqa.selenium.remote.codec.w3c.W3CHttpResponseCodec.createException(W3CHttpResponseCodec.java:200)
	at org.openqa.selenium.remote.codec.w3c.W3CHttpResponseCodec.decode(W3CHttpResponseCodec.java:133)
	at org.openqa.selenium.remote.codec.w3c.W3CHttpResponseCodec.decode(W3CHttpResponseCodec.java:53)
	at org.openqa.selenium.remote.HttpCommandExecutor.execute(HttpCommandExecutor.java:184)
	at org.openqa.selenium.remote.service.DriverCommandExecutor.invokeExecute(DriverCommandExecutor.java:167)
	at org.openqa.selenium.remote.service.DriverCommandExecutor.execute(DriverCommandExecutor.java:142)
	at org.openqa.selenium.remote.RemoteWebDriver.execute(RemoteWebDriver.java:567)
	at org.openqa.selenium.remote.ElementLocation$ElementFinder$2.findElement(ElementLocation.java:162)
	at org.openqa.selenium.remote.ElementLocation.findElement(ElementLocation.java:60)
	at org.openqa.selenium.remote.RemoteWebDriver.findElement(RemoteWebDriver.java:385)
	at org.openqa.selenium.remote.RemoteWebDriver.findElement(RemoteWebDriver.java:377)
	at pages.HomePage.clickOnHompageSetting(HomePage.java:24)
	at tests.GeneralSettingTest.GetToAddKpiPage(GeneralSettingTest.java:35)
	at java.base/java.util.ArrayList.forEach(ArrayList.java:1541)
... Removed 36 stack frames
</div> <!-- stack-trace -->
                </div> <!-- method-content -->
              </div> <!-- method -->
            </div> <!-- main-panel-content rounded-window-bottom -->
          </div> <!-- suite-Surefire_suite-class-failed -->
          <div class="suite-Surefire_suite-class-failed">
            <div class="main-panel-header rounded-window-top">
              <img src="failed.png"/>
              <span class="class-name">tests.AddKPiSettingTest</span>
            </div> <!-- main-panel-header rounded-window-top -->
            <div class="main-panel-content rounded-window-bottom">
              <div class="method">
                <div class="method-content">
                  <a name="TestAdd_Kpis">
                  </a> <!-- TestAdd_Kpis -->
                  <span class="method-name">TestAdd_Kpis</span>
                  <div class="stack-trace">java.lang.ExceptionInInitializerError
	at tests.AddKPiSettingTest.TestAdd_Kpis(AddKPiSettingTest.java:83)
	at java.base/java.util.ArrayList.forEach(ArrayList.java:1541)
Caused by: java.lang.NullPointerException
	at pages.AddKPiSettingsPage.&lt;clinit&gt;(AddKPiSettingsPage.java:60)
	... 34 more
... Removed 32 stack frames
</div> <!-- stack-trace -->
                </div> <!-- method-content -->
              </div> <!-- method -->
            </div> <!-- main-panel-content rounded-window-bottom -->
          </div> <!-- suite-Surefire_suite-class-failed -->
          <div class="suite-Surefire_suite-class-failed">
            <div class="main-panel-header rounded-window-top">
              <img src="failed.png"/>
              <span class="class-name">tests.UpdateKpiTest</span>
            </div> <!-- main-panel-header rounded-window-top -->
            <div class="main-panel-content rounded-window-bottom">
              <div class="method">
                <div class="method-content">
                  <a name="UserCanUpdateKpi">
                  </a> <!-- UserCanUpdateKpi -->
                  <span class="method-name">UserCanUpdateKpi</span>
                  <div class="stack-trace">org.openqa.selenium.NoSuchElementException: no such element: Unable to locate element: {&quot;method&quot;:&quot;xpath&quot;,&quot;selector&quot;:&quot;//div/mat-select[@id=&apos;mat-select-36&apos;]&quot;}
  (Session info: chrome=101.0.4951.54)
For documentation on this error, please visit: https://selenium.dev/exceptions/#no_such_element
Build info: version: &apos;4.1.3&apos;, revision: &apos;7b1ebf28ef&apos;
System info: host: &apos;DESKTOP-MQO629T&apos;, ip: &apos;192.168.1.7&apos;, os.name: &apos;Windows 10&apos;, os.arch: &apos;amd64&apos;, os.version: &apos;10.0&apos;, java.version: &apos;11.0.15&apos;
Driver info: org.openqa.selenium.chrome.ChromeDriver
Command: [a3020f25843a7cf44b6670edb166dec5, findElement {using=xpath, value=//div/mat-select[@id=&apos;mat-select-36&apos;]}]
Capabilities {acceptInsecureCerts: false, browserName: chrome, browserVersion: 101.0.4951.54, chrome: {chromedriverVersion: 101.0.4951.41 (93c720db8323..., userDataDir: C:\Users\Hello\AppData\Loca...}, goog:chromeOptions: {debuggerAddress: localhost:59062}, javascriptEnabled: true, networkConnectionEnabled: false, pageLoadStrategy: normal, platform: WINDOWS, platformName: WINDOWS, proxy: Proxy(), se:cdp: ws://localhost:59062/devtoo..., se:cdpVersion: 101.0.4951.54, setWindowRect: true, strictFileInteractability: false, timeouts: {implicit: 0, pageLoad: 300000, script: 30000}, unhandledPromptBehavior: dismiss and notify, webauthn:extension:credBlob: true, webauthn:extension:largeBlob: true, webauthn:virtualAuthenticators: true}
Session ID: a3020f25843a7cf44b6670edb166dec5
	at org.openqa.selenium.remote.codec.w3c.W3CHttpResponseCodec.createException(W3CHttpResponseCodec.java:200)
	at org.openqa.selenium.remote.codec.w3c.W3CHttpResponseCodec.decode(W3CHttpResponseCodec.java:133)
	at org.openqa.selenium.remote.codec.w3c.W3CHttpResponseCodec.decode(W3CHttpResponseCodec.java:53)
	at org.openqa.selenium.remote.HttpCommandExecutor.execute(HttpCommandExecutor.java:184)
	at org.openqa.selenium.remote.service.DriverCommandExecutor.invokeExecute(DriverCommandExecutor.java:167)
	at org.openqa.selenium.remote.service.DriverCommandExecutor.execute(DriverCommandExecutor.java:142)
	at org.openqa.selenium.remote.RemoteWebDriver.execute(RemoteWebDriver.java:567)
	at org.openqa.selenium.remote.ElementLocation$ElementFinder$2.findElement(ElementLocation.java:162)
	at org.openqa.selenium.remote.ElementLocation.findElement(ElementLocation.java:60)
	at org.openqa.selenium.remote.RemoteWebDriver.findElement(RemoteWebDriver.java:385)
	at org.openqa.selenium.remote.RemoteWebDriver.findElement(RemoteWebDriver.java:377)
	at pages.GeneralSettingPage.ExpandAllItems(GeneralSettingPage.java:45)
	at tests.UpdateKpiTest.UserCanUpdateKpi(UpdateKpiTest.java:57)
	at java.base/java.util.ArrayList.forEach(ArrayList.java:1541)
... Removed 36 stack frames
</div> <!-- stack-trace -->
                </div> <!-- method-content -->
              </div> <!-- method -->
            </div> <!-- main-panel-content rounded-window-bottom -->
          </div> <!-- suite-Surefire_suite-class-failed -->
          <div class="suite-Surefire_suite-class-passed">
            <div class="main-panel-header rounded-window-top">
              <img src="passed.png"/>
              <span class="class-name">tests.LoginTest</span>
            </div> <!-- main-panel-header rounded-window-top -->
            <div class="main-panel-content rounded-window-bottom">
              <div class="method">
                <div class="method-content">
                  <a name="testsuccessfulllogin">
                  </a> <!-- testsuccessfulllogin -->
                  <span class="method-name">testsuccessfulllogin</span>
                </div> <!-- method-content -->
              </div> <!-- method -->
            </div> <!-- main-panel-content rounded-window-bottom -->
          </div> <!-- suite-Surefire_suite-class-passed -->
        </div> <!-- panel Surefire_suite -->
        <div panel-name="test-xml-Surefire_suite" class="panel">
          <div class="main-panel-header rounded-window-top">
          </div> <!-- main-panel-header rounded-window-top -->
          <div class="main-panel-content rounded-window-bottom">
            <pre>
&lt;?xml version=&quot;1.0&quot; encoding=&quot;UTF-8&quot;?&gt;
&lt;!DOCTYPE suite SYSTEM &quot;https://testng.org/testng-1.0.dtd&quot;&gt;
&lt;suite thread-count=&quot;1&quot; name=&quot;Surefire suite&quot; verbose=&quot;0&quot;&gt;
  &lt;test thread-count=&quot;1&quot; name=&quot;Surefire test&quot; verbose=&quot;0&quot;&gt;
    &lt;classes&gt;
      &lt;class name=&quot;tests.AddKPiSettingTest&quot;/&gt;
      &lt;class name=&quot;tests.BaseTest&quot;/&gt;
      &lt;class name=&quot;tests.GeneralSettingTest&quot;/&gt;
      &lt;class name=&quot;tests.LoginTest&quot;/&gt;
      &lt;class name=&quot;tests.UpdateKpiTest&quot;/&gt;
    &lt;/classes&gt;
  &lt;/test&gt; &lt;!-- Surefire test --&gt;
&lt;/suite&gt; &lt;!-- Surefire suite --&gt;
            </pre>
          </div> <!-- main-panel-content rounded-window-bottom -->
        </div> <!-- panel -->
        <div panel-name="testlist-Surefire_suite" class="panel">
          <div class="main-panel-header rounded-window-top">
            <span class="header-content">Tests for Surefire suite</span>
          </div> <!-- main-panel-header rounded-window-top -->
          <div class="main-panel-content rounded-window-bottom">
            <ul>
              <li>
                <span class="test-name">Surefire test (5 classes)</span>
              </li>
            </ul>
          </div> <!-- main-panel-content rounded-window-bottom -->
        </div> <!-- panel -->
        <div panel-name="group-Surefire_suite" class="panel">
          <div class="main-panel-header rounded-window-top">
            <span class="header-content">Groups for Surefire suite</span>
          </div> <!-- main-panel-header rounded-window-top -->
          <div class="main-panel-content rounded-window-bottom">
          </div> <!-- main-panel-content rounded-window-bottom -->
        </div> <!-- panel -->
        <div panel-name="times-Surefire_suite" class="panel">
          <div class="main-panel-header rounded-window-top">
            <span class="header-content">Times for Surefire suite</span>
          </div> <!-- main-panel-header rounded-window-top -->
          <div class="main-panel-content rounded-window-bottom">
            <div class="times-div">
              <script type="text/javascript">
suiteTableInitFunctions.push('tableData_Surefire_suite');
function tableData_Surefire_suite() {
var data = new google.visualization.DataTable();
data.addColumn('number', 'Number');
data.addColumn('string', 'Method');
data.addColumn('string', 'Class');
data.addColumn('number', 'Time (ms)');
data.addRows(4);
data.setCell(0, 0, 0)
data.setCell(0, 1, 'UserCanUpdateKpi')
data.setCell(0, 2, 'tests.UpdateKpiTest')
data.setCell(0, 3, 102314);
data.setCell(1, 0, 1)
data.setCell(1, 1, 'GetToAddKpiPage')
data.setCell(1, 2, 'tests.GeneralSettingTest')
data.setCell(1, 3, 100093);
data.setCell(2, 0, 2)
data.setCell(2, 1, 'testsuccessfulllogin')
data.setCell(2, 2, 'tests.LoginTest')
data.setCell(2, 3, 941);
data.setCell(3, 0, 3)
data.setCell(3, 1, 'TestAdd_Kpis')
data.setCell(3, 2, 'tests.AddKPiSettingTest')
data.setCell(3, 3, 23);
window.suiteTableData['Surefire_suite']= { tableData: data, tableDiv: 'times-div-Surefire_suite'}
return data;
}
              </script>
              <span class="suite-total-time">Total running time: 3 minutes</span>
              <div id="times-div-Surefire_suite">
              </div> <!-- times-div-Surefire_suite -->
            </div> <!-- times-div -->
          </div> <!-- main-panel-content rounded-window-bottom -->
        </div> <!-- panel -->
        <div panel-name="reporter-Surefire_suite" class="panel">
          <div class="main-panel-header rounded-window-top">
            <span class="header-content">Reporter output for Surefire suite</span>
          </div> <!-- main-panel-header rounded-window-top -->
          <div class="main-panel-content rounded-window-bottom">
          </div> <!-- main-panel-content rounded-window-bottom -->
        </div> <!-- panel -->
        <div panel-name="ignored-methods-Surefire_suite" class="panel">
          <div class="main-panel-header rounded-window-top">
            <span class="header-content">4 ignored methods</span>
          </div> <!-- main-panel-header rounded-window-top -->
          <div class="main-panel-content rounded-window-bottom">
            <div class="ignored-class-div">
              <span class="ignored-class-name">tests.GeneralSettingTest</span>
              <div class="ignored-methods-div">
                <span class="ignored-method-name">SetUp</span>
                <br/>
              </div> <!-- ignored-methods-div -->
            </div> <!-- ignored-class-div -->
            <div class="ignored-class-div">
              <span class="ignored-class-name">tests.LoginTest</span>
              <div class="ignored-methods-div">
                <span class="ignored-method-name">SetUp</span>
                <br/>
              </div> <!-- ignored-methods-div -->
            </div> <!-- ignored-class-div -->
            <div class="ignored-class-div">
              <span class="ignored-class-name">tests.UpdateKpiTest</span>
              <div class="ignored-methods-div">
                <span class="ignored-method-name">SetUp</span>
                <br/>
              </div> <!-- ignored-methods-div -->
            </div> <!-- ignored-class-div -->
            <div class="ignored-class-div">
              <span class="ignored-class-name">tests.BaseTest</span>
              <div class="ignored-methods-div">
                <span class="ignored-method-name">SetUp</span>
                <br/>
              </div> <!-- ignored-methods-div -->
            </div> <!-- ignored-class-div -->
          </div> <!-- main-panel-content rounded-window-bottom -->
        </div> <!-- panel -->
        <div panel-name="chronological-Surefire_suite" class="panel">
          <div class="main-panel-header rounded-window-top">
            <span class="header-content">Methods in chronological order</span>
          </div> <!-- main-panel-header rounded-window-top -->
          <div class="main-panel-content rounded-window-bottom">
            <div class="chronological-class">
              <div class="chronological-class-name">tests.AddKPiSettingTest</div> <!-- chronological-class-name -->
              <div class="configuration-suite before">
                <span class="method-name">SetUp</span>
                <span class="method-start">0 ms</span>
              </div> <!-- configuration-suite before -->
              <div class="test-method">
                <img src="failed.png">
                </img>
                <span class="method-name">TestAdd_Kpis</span>
                <span class="method-start">13926 ms</span>
              </div> <!-- test-method -->
              <div class="configuration-method after">
                <span class="method-name">screenshotOnFailure([TestResult name=TestAdd_Kpis status=FAILURE method=AddKPiSettingTest.TestAdd_Kpis()[pri:3, instance...)</span>
                <span class="method-start">13960 ms</span>
              </div> <!-- configuration-method after -->
            </div> <!-- chronological-class -->
            <div class="chronological-class">
              <div class="chronological-class-name">tests.GeneralSettingTest</div> <!-- chronological-class-name -->
              <div class="test-method">
                <img src="failed.png">
                </img>
                <span class="method-name">GetToAddKpiPage</span>
                <span class="method-start">14216 ms</span>
              </div> <!-- test-method -->
              <div class="configuration-method after">
                <span class="method-name">screenshotOnFailure([TestResult name=GetToAddKpiPage status=FAILURE method=GeneralSettingTest.GetToAddKpiPage()[pri:0, i...)</span>
                <span class="method-start">114357 ms</span>
              </div> <!-- configuration-method after -->
            </div> <!-- chronological-class -->
            <div class="chronological-class">
              <div class="chronological-class-name">tests.LoginTest</div> <!-- chronological-class-name -->
              <div class="test-method">
                <span class="method-name">testsuccessfulllogin</span>
                <span class="method-start">114661 ms</span>
              </div> <!-- test-method -->
              <div class="configuration-method after">
                <span class="method-name">screenshotOnFailure([TestResult name=testsuccessfulllogin status=SUCCESS method=LoginTest.testsuccessfulllogin()[pri:0, ...)</span>
                <span class="method-start">115603 ms</span>
              </div> <!-- configuration-method after -->
            </div> <!-- chronological-class -->
            <div class="chronological-class">
              <div class="chronological-class-name">tests.UpdateKpiTest</div> <!-- chronological-class-name -->
              <div class="test-method">
                <img src="failed.png">
                </img>
                <span class="method-name">UserCanUpdateKpi</span>
                <span class="method-start">115605 ms</span>
              </div> <!-- test-method -->
              <div class="configuration-method after">
                <span class="method-name">screenshotOnFailure([TestResult name=UserCanUpdateKpi status=FAILURE method=UpdateKpiTest.UserCanUpdateKpi()[pri:2, inst...)</span>
                <span class="method-start">217924 ms</span>
              </div> <!-- configuration-method after -->
          </div> <!-- main-panel-content rounded-window-bottom -->
        </div> <!-- panel -->
      </div> <!-- main-panel-root -->
    </div> <!-- wrapper -->
  </body>
<script type="text/javascript" src="testng-reports2.js"></script>
</html>
